Flutter crash report.
Please report a bug at https://github.com/flutter/flutter/issues.

## command

flutter run

## exception

HttpException: HttpException: Connection closed before full header was received, uri = http://localhost:54266/json

```
```

## flutter doctor

```
[✓] Flutter (Channel stable, 2.5.1, on Microsoft Windows [Version 10.0.19044.1415], locale ur-PK)
    • Flutter version 2.5.1 at C:\flutter
    • Upstream repository https://github.com/flutter/flutter.git
    • Framework revision ffb2ecea52 (3 months ago), 2021-09-17 15:26:33 -0400
    • Engine revision b3af521a05
    • Dart version 2.14.2

[✓] Android toolchain - develop for Android devices (Android SDK version 31.0.0)
    • Android SDK at C:\Users\mansa\AppData\Local\Android\Sdk
    • Platform android-31-2, build-tools 31.0.0
    • Java binary at: C:\Program Files\Android\Android Studio\jre\bin\java
    • Java version OpenJDK Runtime Environment (build 11.0.10+0-b96-7249189)
    • All Android licenses accepted.

[✓] Chrome - develop for the web
    • Chrome at C:\Program Files\Google\Chrome\Application\chrome.exe

[✓] Android Studio (version 2020.3)
    • Android Studio at C:\Program Files\Android\Android Studio
    • Flutter plugin can be installed from:
      🔨 https://plugins.jetbrains.com/plugin/9212-flutter
    • Dart plugin can be installed from:
      🔨 https://plugins.jetbrains.com/plugin/6351-dart
    • Java version OpenJDK Runtime Environment (build 11.0.10+0-b96-7249189)

[✓] VS Code (version 1.63.2)
    • VS Code at C:\Users\mansa\AppData\Local\Programs\Microsoft VS Code
    • Flutter extension version 3.28.0

[✓] Connected device (2 available)
    • Chrome (web) • chrome • web-javascript • Google Chrome 96.0.4664.110
    • Edge (web)   • edge   • web-javascript • Microsoft Edge 96.0.1054.62

• No issues found!
```
